0 info it worked if it ends with ok
1 verbose cli [ 'C:\\Program Files\\nodejs\\\\node.exe',
1 verbose cli   'C:\\Program Files\\nodejs\\node_modules\\npm\\bin\\npm-cli.js',
1 verbose cli   'install',
1 verbose cli   'grunt-contriv-sass',
1 verbose cli   '--save-dev' ]
2 info using npm@1.4.28
3 info using node@v0.10.32
4 verbose node symlink C:\Program Files\nodejs\\node.exe
5 warn package.json boilerplate-angular@1.0.0 No repository field.
6 warn package.json karma-chrome-launcher@0.1.5 No README data
7 warn package.json karma-phantomjs-launcher@0.1.4 No README data
8 verbose readDependencies using package.json deps
9 verbose cache add [ 'grunt-contriv-sass', null ]
10 verbose cache add name=undefined spec="grunt-contriv-sass" args=["grunt-contriv-sass",null]
11 verbose parsed url { protocol: null,
11 verbose parsed url   slashes: null,
11 verbose parsed url   auth: null,
11 verbose parsed url   host: null,
11 verbose parsed url   port: null,
11 verbose parsed url   hostname: null,
11 verbose parsed url   hash: null,
11 verbose parsed url   search: null,
11 verbose parsed url   query: null,
11 verbose parsed url   pathname: 'grunt-contriv-sass',
11 verbose parsed url   path: 'grunt-contriv-sass',
11 verbose parsed url   href: 'grunt-contriv-sass' }
12 silly lockFile 7212b91b-grunt-contriv-sass grunt-contriv-sass
13 verbose lock grunt-contriv-sass C:\Users\Wesley\AppData\Roaming\npm-cache\7212b91b-grunt-contriv-sass.lock
14 silly lockFile 7212b91b-grunt-contriv-sass grunt-contriv-sass
15 silly lockFile 7212b91b-grunt-contriv-sass grunt-contriv-sass
16 verbose addNamed [ 'grunt-contriv-sass', '' ]
17 verbose addNamed [ null, '*' ]
18 silly lockFile 0277d5c0-grunt-contriv-sass grunt-contriv-sass@
19 verbose lock grunt-contriv-sass@ C:\Users\Wesley\AppData\Roaming\npm-cache\0277d5c0-grunt-contriv-sass.lock
20 silly addNameRange { name: 'grunt-contriv-sass', range: '*', hasData: false }
21 verbose request where is /grunt-contriv-sass
22 verbose request registry https://registry.npmjs.org/
23 verbose request id 4e976e7f5efb5472
24 verbose url raw /grunt-contriv-sass
25 verbose url resolving [ 'https://registry.npmjs.org/', './grunt-contriv-sass' ]
26 verbose url resolved https://registry.npmjs.org/grunt-contriv-sass
27 verbose request where is https://registry.npmjs.org/grunt-contriv-sass
28 info trying registry request attempt 1 at 15:44:08
29 http GET https://registry.npmjs.org/grunt-contriv-sass
30 http 404 https://registry.npmjs.org/grunt-contriv-sass
31 verbose headers { date: 'Thu, 06 Nov 2014 21:44:08 GMT',
31 verbose headers   server: 'CouchDB/1.5.0 (Erlang OTP/R16B03)',
31 verbose headers   'content-type': 'application/json',
31 verbose headers   'cache-control': 'max-age=0',
31 verbose headers   'content-length': '52',
31 verbose headers   'accept-ranges': 'bytes',
31 verbose headers   via: '1.1 varnish',
31 verbose headers   age: '0',
31 verbose headers   'x-served-by': 'cache-ord1730-ORD',
31 verbose headers   'x-cache': 'MISS',
31 verbose headers   'x-cache-hits': '0',
31 verbose headers   'x-timer': 'S1415310248.219404,VS0,VE142',
31 verbose headers   'keep-alive': 'timeout=10, max=50',
31 verbose headers   connection: 'Keep-Alive' }
32 silly registry.get cb [ 404,
32 silly registry.get   { date: 'Thu, 06 Nov 2014 21:44:08 GMT',
32 silly registry.get     server: 'CouchDB/1.5.0 (Erlang OTP/R16B03)',
32 silly registry.get     'content-type': 'application/json',
32 silly registry.get     'cache-control': 'max-age=0',
32 silly registry.get     'content-length': '52',
32 silly registry.get     'accept-ranges': 'bytes',
32 silly registry.get     via: '1.1 varnish',
32 silly registry.get     age: '0',
32 silly registry.get     'x-served-by': 'cache-ord1730-ORD',
32 silly registry.get     'x-cache': 'MISS',
32 silly registry.get     'x-cache-hits': '0',
32 silly registry.get     'x-timer': 'S1415310248.219404,VS0,VE142',
32 silly registry.get     'keep-alive': 'timeout=10, max=50',
32 silly registry.get     connection: 'Keep-Alive' } ]
33 silly lockFile 0277d5c0-grunt-contriv-sass grunt-contriv-sass@
34 silly lockFile 0277d5c0-grunt-contriv-sass grunt-contriv-sass@
35 error 404 404 Not Found: grunt-contriv-sass
35 error 404
35 error 404 'grunt-contriv-sass' is not in the npm registry.
35 error 404 You should bug the author to publish it
35 error 404 It was specified as a dependency of 'boilerplate-angular'
35 error 404
35 error 404 Note that you can also install from a
35 error 404 tarball, folder, or http url, or git url.
36 error System Windows_NT 6.2.9200
37 error command "C:\\Program Files\\nodejs\\\\node.exe" "C:\\Program Files\\nodejs\\node_modules\\npm\\bin\\npm-cli.js" "install" "grunt-contriv-sass" "--save-dev"
38 error cwd C:\Users\Wesley\Sites\boilerplates\boilerplate-angular
39 error node -v v0.10.32
40 error npm -v 1.4.28
41 error code E404
42 verbose exit [ 1, true ]
